<?xml version="1.0" encoding="UTF-8"?>
<!-- Generated by org.testng.reporters.JUnitXMLReporter -->
<testsuite hostname="CC4024" ignored="0" name="Test" tests="6" failures="0" timestamp="2020-01-16T15:29:52 CET" time="0.049" errors="0">
  <testcase name="BrowserAUtomation" time="0.006" classname="proyectouno.SeleniumTest"/>
  <testcase name="elementsUi" time="0.001" classname="proyectouno.SeleniumTest"/>
  <testcase name="deleteTwitter" time="0.0" classname="proyectouno.RESTAPITest"/>
  <testcase name="postJira" time="0.0" classname="proyectouno.RESTAPITest"/>
  <testcase name="IOSApp" time="0.001" classname="proyectouno.AppiumTest"/>
  <testcase name="NativeAppAndroid" time="0.0" classname="proyectouno.AppiumTest"/>
</testsuite> <!-- Test -->
