<?xml version="1.0" encoding="UTF-8"?>
<testng-results skipped="0" failed="0" ignored="0" total="6" passed="6">
  <reporter-output>
  </reporter-output>
  <suite name="Suite" duration-ms="49" started-at="2020-01-16T15:29:52 CET" finished-at="2020-01-16T15:29:52 CET">
    <groups>
    </groups>
    <test name="Test" duration-ms="49" started-at="2020-01-16T15:29:52 CET" finished-at="2020-01-16T15:29:52 CET">
      <class name="proyectouno.AppiumTest">
        <test-method status="PASS" signature="IOSApp()[pri:0, instance:proyectouno.AppiumTest@3108bc]" name="IOSApp" duration-ms="1" started-at="2020-01-16T15:29:52 CET" finished-at="2020-01-16T15:29:52 CET">
          <reporter-output>
          </reporter-output>
        </test-method> <!-- IOSApp -->
        <test-method status="PASS" signature="NativeAppAndroid()[pri:0, instance:proyectouno.AppiumTest@3108bc]" name="NativeAppAndroid" duration-ms="0" started-at="2020-01-16T15:29:52 CET" finished-at="2020-01-16T15:29:52 CET">
          <reporter-output>
          </reporter-output>
        </test-method> <!-- NativeAppAndroid -->
      </class> <!-- proyectouno.AppiumTest -->
      <class name="proyectouno.RESTAPITest">
        <test-method status="PASS" signature="deleteTwitter()[pri:0, instance:proyectouno.RESTAPITest@13a5fe33]" name="deleteTwitter" duration-ms="0" started-at="2020-01-16T15:29:52 CET" finished-at="2020-01-16T15:29:52 CET">
          <reporter-output>
          </reporter-output>
        </test-method> <!-- deleteTwitter -->
        <test-method status="PASS" signature="postJira()[pri:0, instance:proyectouno.RESTAPITest@13a5fe33]" name="postJira" duration-ms="0" started-at="2020-01-16T15:29:52 CET" finished-at="2020-01-16T15:29:52 CET">
          <reporter-output>
          </reporter-output>
        </test-method> <!-- postJira -->
      </class> <!-- proyectouno.RESTAPITest -->
      <class name="proyectouno.SeleniumTest">
        <test-method status="PASS" signature="BrowserAUtomation()[pri:0, instance:proyectouno.SeleniumTest@527740a2]" name="BrowserAUtomation" duration-ms="6" started-at="2020-01-16T15:29:52 CET" finished-at="2020-01-16T15:29:52 CET">
          <reporter-output>
          </reporter-output>
        </test-method> <!-- BrowserAUtomation -->
        <test-method status="PASS" signature="elementsUi()[pri:0, instance:proyectouno.SeleniumTest@527740a2]" name="elementsUi" duration-ms="1" started-at="2020-01-16T15:29:52 CET" finished-at="2020-01-16T15:29:52 CET">
          <reporter-output>
          </reporter-output>
        </test-method> <!-- elementsUi -->
      </class> <!-- proyectouno.SeleniumTest -->
    </test> <!-- Test -->
  </suite> <!-- Suite -->
</testng-results>
